<?xml version="1.0" encoding="UTF-8"?>
<testsuite xmlns:xsi="http://www.w3.org/2001/XMLSchema-instance" xsi:noNamespaceSchemaLocation="https://maven.apache.org/surefire/maven-surefire-plugin/xsd/surefire-test-report-3.0.xsd" version="3.0" name="com.nt.TaskManagerSpringJavaApplicationTests" time="18.349" tests="1" errors="0" skipped="0" failures="0">
  <properties>
    <property name="java.specification.version" value="17"/>
    <property name="sun.cpu.isalist" value="amd64"/>
    <property name="sun.jnu.encoding" value="Cp1252"/>
    <property name="java.class.path" value="D:\Spring_Boot\TaskManager-Spring_Java2\target\test-classes;D:\Spring_Boot\TaskManager-Spring_Java2\target\classes;C:\Users\ShubhamBorkute\.m2\repository\org\springframework\boot\spring-boot-starter-data-jpa\3.2.6-SNAPSHOT\spring-boot-starter-data-jpa-3.2.6-SNAPSHOT.jar;C:\Users\ShubhamBorkute\.m2\repository\org\springframework\boot\spring-boot-starter-aop\3.2.6-SNAPSHOT\spring-boot-starter-aop-3.2.6-SNAPSHOT.jar;C:\Users\ShubhamBorkute\.m2\repository\org\springframework\spring-aop\6.1.8\spring-aop-6.1.8.jar;C:\Users\ShubhamBorkute\.m2\repository\org\aspectj\aspectjweaver\1.9.22\aspectjweaver-1.9.22.jar;C:\Users\ShubhamBorkute\.m2\repository\org\springframework\boot\spring-boot-starter-jdbc\3.2.6-SNAPSHOT\spring-boot-starter-jdbc-3.2.6-SNAPSHOT.jar;C:\Users\ShubhamBorkute\.m2\repository\com\zaxxer\HikariCP\5.0.1\HikariCP-5.0.1.jar;C:\Users\ShubhamBorkute\.m2\repository\org\springframework\spring-jdbc\6.1.8\spring-jdbc-6.1.8.jar;C:\Users\ShubhamBorkute\.m2\repository\org\hibernate\orm\hibernate-core\6.4.8.Final\hibernate-core-6.4.8.Final.jar;C:\Users\ShubhamBorkute\.m2\repository\jakarta\persistence\jakarta.persistence-api\3.1.0\jakarta.persistence-api-3.1.0.jar;C:\Users\ShubhamBorkute\.m2\repository\jakarta\transaction\jakarta.transaction-api\2.0.1\jakarta.transaction-api-2.0.1.jar;C:\Users\ShubhamBorkute\.m2\repository\org\jboss\logging\jboss-logging\3.5.3.Final\jboss-logging-3.5.3.Final.jar;C:\Users\ShubhamBorkute\.m2\repository\org\hibernate\common\hibernate-commons-annotations\6.0.6.Final\hibernate-commons-annotations-6.0.6.Final.jar;C:\Users\ShubhamBorkute\.m2\repository\io\smallrye\jandex\3.1.2\jandex-3.1.2.jar;C:\Users\ShubhamBorkute\.m2\repository\com\fasterxml\classmate\1.6.0\classmate-1.6.0.jar;C:\Users\ShubhamBorkute\.m2\repository\net\bytebuddy\byte-buddy\1.14.16\byte-buddy-1.14.16.jar;C:\Users\ShubhamBorkute\.m2\repository\org\glassfish\jaxb\jaxb-runtime\4.0.5\jaxb-runtime-4.0.5.jar;C:\Users\ShubhamBorkute\.m2\repository\org\glassfish\jaxb\jaxb-core\4.0.5\jaxb-core-4.0.5.jar;C:\Users\ShubhamBorkute\.m2\repository\org\glassfish\jaxb\txw2\4.0.5\txw2-4.0.5.jar;C:\Users\ShubhamBorkute\.m2\repository\com\sun\istack\istack-commons-runtime\4.1.2\istack-commons-runtime-4.1.2.jar;C:\Users\ShubhamBorkute\.m2\repository\jakarta\inject\jakarta.inject-api\2.0.1\jakarta.inject-api-2.0.1.jar;C:\Users\ShubhamBorkute\.m2\repository\org\antlr\antlr4-runtime\4.13.0\antlr4-runtime-4.13.0.jar;C:\Users\ShubhamBorkute\.m2\repository\org\springframework\data\spring-data-jpa\3.2.6\spring-data-jpa-3.2.6.jar;C:\Users\ShubhamBorkute\.m2\repository\org\springframework\data\spring-data-commons\3.2.6\spring-data-commons-3.2.6.jar;C:\Users\ShubhamBorkute\.m2\repository\org\springframework\spring-orm\6.1.8\spring-orm-6.1.8.jar;C:\Users\ShubhamBorkute\.m2\repository\org\springframework\spring-context\6.1.8\spring-context-6.1.8.jar;C:\Users\ShubhamBorkute\.m2\repository\org\springframework\spring-tx\6.1.8\spring-tx-6.1.8.jar;C:\Users\ShubhamBorkute\.m2\repository\jakarta\annotation\jakarta.annotation-api\2.1.1\jakarta.annotation-api-2.1.1.jar;C:\Users\ShubhamBorkute\.m2\repository\org\slf4j\slf4j-api\2.0.13\slf4j-api-2.0.13.jar;C:\Users\ShubhamBorkute\.m2\repository\org\springframework\spring-aspects\6.1.8\spring-aspects-6.1.8.jar;C:\Users\ShubhamBorkute\.m2\repository\com\mysql\mysql-connector-j\8.3.0\mysql-connector-j-8.3.0.jar;C:\Users\ShubhamBorkute\.m2\repository\org\springframework\boot\spring-boot-starter-test\3.2.6-SNAPSHOT\spring-boot-starter-test-3.2.6-SNAPSHOT.jar;C:\Users\ShubhamBorkute\.m2\repository\org\springframework\boot\spring-boot-starter\3.2.6-SNAPSHOT\spring-boot-starter-3.2.6-SNAPSHOT.jar;C:\Users\ShubhamBorkute\.m2\repository\org\springframework\boot\spring-boot\3.2.6-SNAPSHOT\spring-boot-3.2.6-SNAPSHOT.jar;C:\Users\ShubhamBorkute\.m2\repository\org\springframework\boot\spring-boot-autoconfigure\3.2.6-SNAPSHOT\spring-boot-autoconfigure-3.2.6-SNAPSHOT.jar;C:\Users\ShubhamBorkute\.m2\repository\org\springframework\boot\spring-boot-starter-logging\3.2.6-SNAPSHOT\spring-boot-starter-logging-3.2.6-SNAPSHOT.jar;C:\Users\ShubhamBorkute\.m2\repository\ch\qos\logback\logback-classic\1.4.14\logback-classic-1.4.14.jar;C:\Users\ShubhamBorkute\.m2\repository\ch\qos\logback\logback-core\1.4.14\logback-core-1.4.14.jar;C:\Users\ShubhamBorkute\.m2\repository\org\apache\logging\log4j\log4j-to-slf4j\2.21.1\log4j-to-slf4j-2.21.1.jar;C:\Users\ShubhamBorkute\.m2\repository\org\apache\logging\log4j\log4j-api\2.21.1\log4j-api-2.21.1.jar;C:\Users\ShubhamBorkute\.m2\repository\org\slf4j\jul-to-slf4j\2.0.13\jul-to-slf4j-2.0.13.jar;C:\Users\ShubhamBorkute\.m2\repository\org\yaml\snakeyaml\2.2\snakeyaml-2.2.jar;C:\Users\ShubhamBorkute\.m2\repository\org\springframework\boot\spring-boot-test\3.2.6-SNAPSHOT\spring-boot-test-3.2.6-SNAPSHOT.jar;C:\Users\ShubhamBorkute\.m2\repository\org\springframework\boot\spring-boot-test-autoconfigure\3.2.6-SNAPSHOT\spring-boot-test-autoconfigure-3.2.6-SNAPSHOT.jar;C:\Users\ShubhamBorkute\.m2\repository\com\jayway\jsonpath\json-path\2.9.0\json-path-2.9.0.jar;C:\Users\ShubhamBorkute\.m2\repository\jakarta\xml\bind\jakarta.xml.bind-api\4.0.2\jakarta.xml.bind-api-4.0.2.jar;C:\Users\ShubhamBorkute\.m2\repository\jakarta\activation\jakarta.activation-api\2.1.3\jakarta.activation-api-2.1.3.jar;C:\Users\ShubhamBorkute\.m2\repository\net\minidev\json-smart\2.5.1\json-smart-2.5.1.jar;C:\Users\ShubhamBorkute\.m2\repository\net\minidev\accessors-smart\2.5.1\accessors-smart-2.5.1.jar;C:\Users\ShubhamBorkute\.m2\repository\org\ow2\asm\asm\9.6\asm-9.6.jar;C:\Users\ShubhamBorkute\.m2\repository\org\assertj\assertj-core\3.24.2\assertj-core-3.24.2.jar;C:\Users\ShubhamBorkute\.m2\repository\org\awaitility\awaitility\4.2.1\awaitility-4.2.1.jar;C:\Users\ShubhamBorkute\.m2\repository\org\hamcrest\hamcrest\2.2\hamcrest-2.2.jar;C:\Users\ShubhamBorkute\.m2\repository\org\junit\jupiter\junit-jupiter\5.10.2\junit-jupiter-5.10.2.jar;C:\Users\ShubhamBorkute\.m2\repository\org\junit\jupiter\junit-jupiter-api\5.10.2\junit-jupiter-api-5.10.2.jar;C:\Users\ShubhamBorkute\.m2\repository\org\opentest4j\opentest4j\1.3.0\opentest4j-1.3.0.jar;C:\Users\ShubhamBorkute\.m2\repository\org\junit\platform\junit-platform-commons\1.10.2\junit-platform-commons-1.10.2.jar;C:\Users\ShubhamBorkute\.m2\repository\org\apiguardian\apiguardian-api\1.1.2\apiguardian-api-1.1.2.jar;C:\Users\ShubhamBorkute\.m2\repository\org\junit\jupiter\junit-jupiter-params\5.10.2\junit-jupiter-params-5.10.2.jar;C:\Users\ShubhamBorkute\.m2\repository\org\junit\jupiter\junit-jupiter-engine\5.10.2\junit-jupiter-engine-5.10.2.jar;C:\Users\ShubhamBorkute\.m2\repository\org\junit\platform\junit-platform-engine\1.10.2\junit-platform-engine-1.10.2.jar;C:\Users\ShubhamBorkute\.m2\repository\org\mockito\mockito-core\5.7.0\mockito-core-5.7.0.jar;C:\Users\ShubhamBorkute\.m2\repository\net\bytebuddy\byte-buddy-agent\1.14.16\byte-buddy-agent-1.14.16.jar;C:\Users\ShubhamBorkute\.m2\repository\org\objenesis\objenesis\3.3\objenesis-3.3.jar;C:\Users\ShubhamBorkute\.m2\repository\org\mockito\mockito-junit-jupiter\5.7.0\mockito-junit-jupiter-5.7.0.jar;C:\Users\ShubhamBorkute\.m2\repository\org\skyscreamer\jsonassert\1.5.1\jsonassert-1.5.1.jar;C:\Users\ShubhamBorkute\.m2\repository\com\vaadin\external\google\android-json\0.0.20131108.vaadin1\android-json-0.0.20131108.vaadin1.jar;C:\Users\ShubhamBorkute\.m2\repository\org\springframework\spring-core\6.1.8\spring-core-6.1.8.jar;C:\Users\ShubhamBorkute\.m2\repository\org\springframework\spring-jcl\6.1.8\spring-jcl-6.1.8.jar;C:\Users\ShubhamBorkute\.m2\repository\org\springframework\spring-test\6.1.8\spring-test-6.1.8.jar;C:\Users\ShubhamBorkute\.m2\repository\org\xmlunit\xmlunit-core\2.9.1\xmlunit-core-2.9.1.jar;C:\Users\ShubhamBorkute\.m2\repository\org\springframework\spring-web\6.1.8\spring-web-6.1.8.jar;C:\Users\ShubhamBorkute\.m2\repository\org\springframework\spring-beans\6.1.8\spring-beans-6.1.8.jar;C:\Users\ShubhamBorkute\.m2\repository\io\micrometer\micrometer-observation\1.12.6\micrometer-observation-1.12.6.jar;C:\Users\ShubhamBorkute\.m2\repository\io\micrometer\micrometer-commons\1.12.6\micrometer-commons-1.12.6.jar;C:\Users\ShubhamBorkute\.m2\repository\org\projectlombok\lombok\1.18.32\lombok-1.18.32.jar;C:\Users\ShubhamBorkute\.m2\repository\org\springframework\boot\spring-boot-starter-web\3.2.6-SNAPSHOT\spring-boot-starter-web-3.2.6-SNAPSHOT.jar;C:\Users\ShubhamBorkute\.m2\repository\org\springframework\boot\spring-boot-starter-json\3.2.6-SNAPSHOT\spring-boot-starter-json-3.2.6-SNAPSHOT.jar;C:\Users\ShubhamBorkute\.m2\repository\com\fasterxml\jackson\core\jackson-databind\2.15.4\jackson-databind-2.15.4.jar;C:\Users\ShubhamBorkute\.m2\repository\com\fasterxml\jackson\core\jackson-annotations\2.15.4\jackson-annotations-2.15.4.jar;C:\Users\ShubhamBorkute\.m2\repository\com\fasterxml\jackson\core\jackson-core\2.15.4\jackson-core-2.15.4.jar;C:\Users\ShubhamBorkute\.m2\repository\com\fasterxml\jackson\datatype\jackson-datatype-jdk8\2.15.4\jackson-datatype-jdk8-2.15.4.jar;C:\Users\ShubhamBorkute\.m2\repository\com\fasterxml\jackson\datatype\jackson-datatype-jsr310\2.15.4\jackson-datatype-jsr310-2.15.4.jar;C:\Users\ShubhamBorkute\.m2\repository\com\fasterxml\jackson\module\jackson-module-parameter-names\2.15.4\jackson-module-parameter-names-2.15.4.jar;C:\Users\ShubhamBorkute\.m2\repository\org\springframework\boot\spring-boot-starter-tomcat\3.2.6-SNAPSHOT\spring-boot-starter-tomcat-3.2.6-SNAPSHOT.jar;C:\Users\ShubhamBorkute\.m2\repository\org\apache\tomcat\embed\tomcat-embed-core\10.1.24\tomcat-embed-core-10.1.24.jar;C:\Users\ShubhamBorkute\.m2\repository\org\apache\tomcat\embed\tomcat-embed-el\10.1.24\tomcat-embed-el-10.1.24.jar;C:\Users\ShubhamBorkute\.m2\repository\org\apache\tomcat\embed\tomcat-embed-websocket\10.1.24\tomcat-embed-websocket-10.1.24.jar;C:\Users\ShubhamBorkute\.m2\repository\org\springframework\spring-webmvc\6.1.8\spring-webmvc-6.1.8.jar;C:\Users\ShubhamBorkute\.m2\repository\org\springframework\spring-expression\6.1.8\spring-expression-6.1.8.jar;C:\Users\ShubhamBorkute\.m2\repository\org\springframework\boot\spring-boot-starter-web-services\3.2.6-SNAPSHOT\spring-boot-starter-web-services-3.2.6-SNAPSHOT.jar;C:\Users\ShubhamBorkute\.m2\repository\com\sun\xml\messaging\saaj\saaj-impl\3.0.4\saaj-impl-3.0.4.jar;C:\Users\ShubhamBorkute\.m2\repository\jakarta\xml\soap\jakarta.xml.soap-api\3.0.2\jakarta.xml.soap-api-3.0.2.jar;C:\Users\ShubhamBorkute\.m2\repository\org\jvnet\staxex\stax-ex\2.1.0\stax-ex-2.1.0.jar;C:\Users\ShubhamBorkute\.m2\repository\org\eclipse\angus\angus-activation\2.0.2\angus-activation-2.0.2.jar;C:\Users\ShubhamBorkute\.m2\repository\jakarta\xml\ws\jakarta.xml.ws-api\4.0.2\jakarta.xml.ws-api-4.0.2.jar;C:\Users\ShubhamBorkute\.m2\repository\org\springframework\spring-oxm\6.1.8\spring-oxm-6.1.8.jar;C:\Users\ShubhamBorkute\.m2\repository\org\springframework\ws\spring-ws-core\4.0.11\spring-ws-core-4.0.11.jar;C:\Users\ShubhamBorkute\.m2\repository\org\springframework\ws\spring-xml\4.0.11\spring-xml-4.0.11.jar;"/>
    <property name="java.vm.vendor" value="Eclipse Adoptium"/>
    <property name="sun.arch.data.model" value="64"/>
    <property name="user.variant" value=""/>
    <property name="java.vendor.url" value="https://adoptium.net/"/>
    <property name="user.timezone" value="Asia/Calcutta"/>
    <property name="org.jboss.logging.provider" value="slf4j"/>
    <property name="os.name" value="Windows 11"/>
    <property name="java.vm.specification.version" value="17"/>
    <property name="sun.java.launcher" value="SUN_STANDARD"/>
    <property name="user.country" value="US"/>
    <property name="sun.boot.library.path" value="D:\Software\sts-4.21.1.RELEASE\plugins\org.eclipse.justj.openjdk.hotspot.jre.full.win32.x86_64_17.0.10.v20240120-1143\jre\bin"/>
    <property name="sun.java.command" value="C:\Users\ShubhamBorkute\AppData\Local\Temp\surefire6348210420212561825\surefirebooter-20240531173344369_3.jar C:\Users\ShubhamBorkute\AppData\Local\Temp\surefire6348210420212561825 2024-05-31T17-33-43_955-jvmRun1 surefire-20240531173344369_1tmp surefire_0-20240531173344369_2tmp"/>
    <property name="jdk.debug" value="release"/>
    <property name="surefire.test.class.path" value="D:\Spring_Boot\TaskManager-Spring_Java2\target\test-classes;D:\Spring_Boot\TaskManager-Spring_Java2\target\classes;C:\Users\ShubhamBorkute\.m2\repository\org\springframework\boot\spring-boot-starter-data-jpa\3.2.6-SNAPSHOT\spring-boot-starter-data-jpa-3.2.6-SNAPSHOT.jar;C:\Users\ShubhamBorkute\.m2\repository\org\springframework\boot\spring-boot-starter-aop\3.2.6-SNAPSHOT\spring-boot-starter-aop-3.2.6-SNAPSHOT.jar;C:\Users\ShubhamBorkute\.m2\repository\org\springframework\spring-aop\6.1.8\spring-aop-6.1.8.jar;C:\Users\ShubhamBorkute\.m2\repository\org\aspectj\aspectjweaver\1.9.22\aspectjweaver-1.9.22.jar;C:\Users\ShubhamBorkute\.m2\repository\org\springframework\boot\spring-boot-starter-jdbc\3.2.6-SNAPSHOT\spring-boot-starter-jdbc-3.2.6-SNAPSHOT.jar;C:\Users\ShubhamBorkute\.m2\repository\com\zaxxer\HikariCP\5.0.1\HikariCP-5.0.1.jar;C:\Users\ShubhamBorkute\.m2\repository\org\springframework\spring-jdbc\6.1.8\spring-jdbc-6.1.8.jar;C:\Users\ShubhamBorkute\.m2\repository\org\hibernate\orm\hibernate-core\6.4.8.Final\hibernate-core-6.4.8.Final.jar;C:\Users\ShubhamBorkute\.m2\repository\jakarta\persistence\jakarta.persistence-api\3.1.0\jakarta.persistence-api-3.1.0.jar;C:\Users\ShubhamBorkute\.m2\repository\jakarta\transaction\jakarta.transaction-api\2.0.1\jakarta.transaction-api-2.0.1.jar;C:\Users\ShubhamBorkute\.m2\repository\org\jboss\logging\jboss-logging\3.5.3.Final\jboss-logging-3.5.3.Final.jar;C:\Users\ShubhamBorkute\.m2\repository\org\hibernate\common\hibernate-commons-annotations\6.0.6.Final\hibernate-commons-annotations-6.0.6.Final.jar;C:\Users\ShubhamBorkute\.m2\repository\io\smallrye\jandex\3.1.2\jandex-3.1.2.jar;C:\Users\ShubhamBorkute\.m2\repository\com\fasterxml\classmate\1.6.0\classmate-1.6.0.jar;C:\Users\ShubhamBorkute\.m2\repository\net\bytebuddy\byte-buddy\1.14.16\byte-buddy-1.14.16.jar;C:\Users\ShubhamBorkute\.m2\repository\org\glassfish\jaxb\jaxb-runtime\4.0.5\jaxb-runtime-4.0.5.jar;C:\Users\ShubhamBorkute\.m2\repository\org\glassfish\jaxb\jaxb-core\4.0.5\jaxb-core-4.0.5.jar;C:\Users\ShubhamBorkute\.m2\repository\org\glassfish\jaxb\txw2\4.0.5\txw2-4.0.5.jar;C:\Users\ShubhamBorkute\.m2\repository\com\sun\istack\istack-commons-runtime\4.1.2\istack-commons-runtime-4.1.2.jar;C:\Users\ShubhamBorkute\.m2\repository\jakarta\inject\jakarta.inject-api\2.0.1\jakarta.inject-api-2.0.1.jar;C:\Users\ShubhamBorkute\.m2\repository\org\antlr\antlr4-runtime\4.13.0\antlr4-runtime-4.13.0.jar;C:\Users\ShubhamBorkute\.m2\repository\org\springframework\data\spring-data-jpa\3.2.6\spring-data-jpa-3.2.6.jar;C:\Users\ShubhamBorkute\.m2\repository\org\springframework\data\spring-data-commons\3.2.6\spring-data-commons-3.2.6.jar;C:\Users\ShubhamBorkute\.m2\repository\org\springframework\spring-orm\6.1.8\spring-orm-6.1.8.jar;C:\Users\ShubhamBorkute\.m2\repository\org\springframework\spring-context\6.1.8\spring-context-6.1.8.jar;C:\Users\ShubhamBorkute\.m2\repository\org\springframework\spring-tx\6.1.8\spring-tx-6.1.8.jar;C:\Users\ShubhamBorkute\.m2\repository\jakarta\annotation\jakarta.annotation-api\2.1.1\jakarta.annotation-api-2.1.1.jar;C:\Users\ShubhamBorkute\.m2\repository\org\slf4j\slf4j-api\2.0.13\slf4j-api-2.0.13.jar;C:\Users\ShubhamBorkute\.m2\repository\org\springframework\spring-aspects\6.1.8\spring-aspects-6.1.8.jar;C:\Users\ShubhamBorkute\.m2\repository\com\mysql\mysql-connector-j\8.3.0\mysql-connector-j-8.3.0.jar;C:\Users\ShubhamBorkute\.m2\repository\org\springframework\boot\spring-boot-starter-test\3.2.6-SNAPSHOT\spring-boot-starter-test-3.2.6-SNAPSHOT.jar;C:\Users\ShubhamBorkute\.m2\repository\org\springframework\boot\spring-boot-starter\3.2.6-SNAPSHOT\spring-boot-starter-3.2.6-SNAPSHOT.jar;C:\Users\ShubhamBorkute\.m2\repository\org\springframework\boot\spring-boot\3.2.6-SNAPSHOT\spring-boot-3.2.6-SNAPSHOT.jar;C:\Users\ShubhamBorkute\.m2\repository\org\springframework\boot\spring-boot-autoconfigure\3.2.6-SNAPSHOT\spring-boot-autoconfigure-3.2.6-SNAPSHOT.jar;C:\Users\ShubhamBorkute\.m2\repository\org\springframework\boot\spring-boot-starter-logging\3.2.6-SNAPSHOT\spring-boot-starter-logging-3.2.6-SNAPSHOT.jar;C:\Users\ShubhamBorkute\.m2\repository\ch\qos\logback\logback-classic\1.4.14\logback-classic-1.4.14.jar;C:\Users\ShubhamBorkute\.m2\repository\ch\qos\logback\logback-core\1.4.14\logback-core-1.4.14.jar;C:\Users\ShubhamBorkute\.m2\repository\org\apache\logging\log4j\log4j-to-slf4j\2.21.1\log4j-to-slf4j-2.21.1.jar;C:\Users\ShubhamBorkute\.m2\repository\org\apache\logging\log4j\log4j-api\2.21.1\log4j-api-2.21.1.jar;C:\Users\ShubhamBorkute\.m2\repository\org\slf4j\jul-to-slf4j\2.0.13\jul-to-slf4j-2.0.13.jar;C:\Users\ShubhamBorkute\.m2\repository\org\yaml\snakeyaml\2.2\snakeyaml-2.2.jar;C:\Users\ShubhamBorkute\.m2\repository\org\springframework\boot\spring-boot-test\3.2.6-SNAPSHOT\spring-boot-test-3.2.6-SNAPSHOT.jar;C:\Users\ShubhamBorkute\.m2\repository\org\springframework\boot\spring-boot-test-autoconfigure\3.2.6-SNAPSHOT\spring-boot-test-autoconfigure-3.2.6-SNAPSHOT.jar;C:\Users\ShubhamBorkute\.m2\repository\com\jayway\jsonpath\json-path\2.9.0\json-path-2.9.0.jar;C:\Users\ShubhamBorkute\.m2\repository\jakarta\xml\bind\jakarta.xml.bind-api\4.0.2\jakarta.xml.bind-api-4.0.2.jar;C:\Users\ShubhamBorkute\.m2\repository\jakarta\activation\jakarta.activation-api\2.1.3\jakarta.activation-api-2.1.3.jar;C:\Users\ShubhamBorkute\.m2\repository\net\minidev\json-smart\2.5.1\json-smart-2.5.1.jar;C:\Users\ShubhamBorkute\.m2\repository\net\minidev\accessors-smart\2.5.1\accessors-smart-2.5.1.jar;C:\Users\ShubhamBorkute\.m2\repository\org\ow2\asm\asm\9.6\asm-9.6.jar;C:\Users\ShubhamBorkute\.m2\repository\org\assertj\assertj-core\3.24.2\assertj-core-3.24.2.jar;C:\Users\ShubhamBorkute\.m2\repository\org\awaitility\awaitility\4.2.1\awaitility-4.2.1.jar;C:\Users\ShubhamBorkute\.m2\repository\org\hamcrest\hamcrest\2.2\hamcrest-2.2.jar;C:\Users\ShubhamBorkute\.m2\repository\org\junit\jupiter\junit-jupiter\5.10.2\junit-jupiter-5.10.2.jar;C:\Users\ShubhamBorkute\.m2\repository\org\junit\jupiter\junit-jupiter-api\5.10.2\junit-jupiter-api-5.10.2.jar;C:\Users\ShubhamBorkute\.m2\repository\org\opentest4j\opentest4j\1.3.0\opentest4j-1.3.0.jar;C:\Users\ShubhamBorkute\.m2\repository\org\junit\platform\junit-platform-commons\1.10.2\junit-platform-commons-1.10.2.jar;C:\Users\ShubhamBorkute\.m2\repository\org\apiguardian\apiguardian-api\1.1.2\apiguardian-api-1.1.2.jar;C:\Users\ShubhamBorkute\.m2\repository\org\junit\jupiter\junit-jupiter-params\5.10.2\junit-jupiter-params-5.10.2.jar;C:\Users\ShubhamBorkute\.m2\repository\org\junit\jupiter\junit-jupiter-engine\5.10.2\junit-jupiter-engine-5.10.2.jar;C:\Users\ShubhamBorkute\.m2\repository\org\junit\platform\junit-platform-engine\1.10.2\junit-platform-engine-1.10.2.jar;C:\Users\ShubhamBorkute\.m2\repository\org\mockito\mockito-core\5.7.0\mockito-core-5.7.0.jar;C:\Users\ShubhamBorkute\.m2\repository\net\bytebuddy\byte-buddy-agent\1.14.16\byte-buddy-agent-1.14.16.jar;C:\Users\ShubhamBorkute\.m2\repository\org\objenesis\objenesis\3.3\objenesis-3.3.jar;C:\Users\ShubhamBorkute\.m2\repository\org\mockito\mockito-junit-jupiter\5.7.0\mockito-junit-jupiter-5.7.0.jar;C:\Users\ShubhamBorkute\.m2\repository\org\skyscreamer\jsonassert\1.5.1\jsonassert-1.5.1.jar;C:\Users\ShubhamBorkute\.m2\repository\com\vaadin\external\google\android-json\0.0.20131108.vaadin1\android-json-0.0.20131108.vaadin1.jar;C:\Users\ShubhamBorkute\.m2\repository\org\springframework\spring-core\6.1.8\spring-core-6.1.8.jar;C:\Users\ShubhamBorkute\.m2\repository\org\springframework\spring-jcl\6.1.8\spring-jcl-6.1.8.jar;C:\Users\ShubhamBorkute\.m2\repository\org\springframework\spring-test\6.1.8\spring-test-6.1.8.jar;C:\Users\ShubhamBorkute\.m2\repository\org\xmlunit\xmlunit-core\2.9.1\xmlunit-core-2.9.1.jar;C:\Users\ShubhamBorkute\.m2\repository\org\springframework\spring-web\6.1.8\spring-web-6.1.8.jar;C:\Users\ShubhamBorkute\.m2\repository\org\springframework\spring-beans\6.1.8\spring-beans-6.1.8.jar;C:\Users\ShubhamBorkute\.m2\repository\io\micrometer\micrometer-observation\1.12.6\micrometer-observation-1.12.6.jar;C:\Users\ShubhamBorkute\.m2\repository\io\micrometer\micrometer-commons\1.12.6\micrometer-commons-1.12.6.jar;C:\Users\ShubhamBorkute\.m2\repository\org\projectlombok\lombok\1.18.32\lombok-1.18.32.jar;C:\Users\ShubhamBorkute\.m2\repository\org\springframework\boot\spring-boot-starter-web\3.2.6-SNAPSHOT\spring-boot-starter-web-3.2.6-SNAPSHOT.jar;C:\Users\ShubhamBorkute\.m2\repository\org\springframework\boot\spring-boot-starter-json\3.2.6-SNAPSHOT\spring-boot-starter-json-3.2.6-SNAPSHOT.jar;C:\Users\ShubhamBorkute\.m2\repository\com\fasterxml\jackson\core\jackson-databind\2.15.4\jackson-databind-2.15.4.jar;C:\Users\ShubhamBorkute\.m2\repository\com\fasterxml\jackson\core\jackson-annotations\2.15.4\jackson-annotations-2.15.4.jar;C:\Users\ShubhamBorkute\.m2\repository\com\fasterxml\jackson\core\jackson-core\2.15.4\jackson-core-2.15.4.jar;C:\Users\ShubhamBorkute\.m2\repository\com\fasterxml\jackson\datatype\jackson-datatype-jdk8\2.15.4\jackson-datatype-jdk8-2.15.4.jar;C:\Users\ShubhamBorkute\.m2\repository\com\fasterxml\jackson\datatype\jackson-datatype-jsr310\2.15.4\jackson-datatype-jsr310-2.15.4.jar;C:\Users\ShubhamBorkute\.m2\repository\com\fasterxml\jackson\module\jackson-module-parameter-names\2.15.4\jackson-module-parameter-names-2.15.4.jar;C:\Users\ShubhamBorkute\.m2\repository\org\springframework\boot\spring-boot-starter-tomcat\3.2.6-SNAPSHOT\spring-boot-starter-tomcat-3.2.6-SNAPSHOT.jar;C:\Users\ShubhamBorkute\.m2\repository\org\apache\tomcat\embed\tomcat-embed-core\10.1.24\tomcat-embed-core-10.1.24.jar;C:\Users\ShubhamBorkute\.m2\repository\org\apache\tomcat\embed\tomcat-embed-el\10.1.24\tomcat-embed-el-10.1.24.jar;C:\Users\ShubhamBorkute\.m2\repository\org\apache\tomcat\embed\tomcat-embed-websocket\10.1.24\tomcat-embed-websocket-10.1.24.jar;C:\Users\ShubhamBorkute\.m2\repository\org\springframework\spring-webmvc\6.1.8\spring-webmvc-6.1.8.jar;C:\Users\ShubhamBorkute\.m2\repository\org\springframework\spring-expression\6.1.8\spring-expression-6.1.8.jar;C:\Users\ShubhamBorkute\.m2\repository\org\springframework\boot\spring-boot-starter-web-services\3.2.6-SNAPSHOT\spring-boot-starter-web-services-3.2.6-SNAPSHOT.jar;C:\Users\ShubhamBorkute\.m2\repository\com\sun\xml\messaging\saaj\saaj-impl\3.0.4\saaj-impl-3.0.4.jar;C:\Users\ShubhamBorkute\.m2\repository\jakarta\xml\soap\jakarta.xml.soap-api\3.0.2\jakarta.xml.soap-api-3.0.2.jar;C:\Users\ShubhamBorkute\.m2\repository\org\jvnet\staxex\stax-ex\2.1.0\stax-ex-2.1.0.jar;C:\Users\ShubhamBorkute\.m2\repository\org\eclipse\angus\angus-activation\2.0.2\angus-activation-2.0.2.jar;C:\Users\ShubhamBorkute\.m2\repository\jakarta\xml\ws\jakarta.xml.ws-api\4.0.2\jakarta.xml.ws-api-4.0.2.jar;C:\Users\ShubhamBorkute\.m2\repository\org\springframework\spring-oxm\6.1.8\spring-oxm-6.1.8.jar;C:\Users\ShubhamBorkute\.m2\repository\org\springframework\ws\spring-ws-core\4.0.11\spring-ws-core-4.0.11.jar;C:\Users\ShubhamBorkute\.m2\repository\org\springframework\ws\spring-xml\4.0.11\spring-xml-4.0.11.jar;"/>
    <property name="sun.cpu.endian" value="little"/>
    <property name="user.home" value="C:\Users\ShubhamBorkute"/>
    <property name="user.language" value="en"/>
    <property name="java.specification.vendor" value="Oracle Corporation"/>
    <property name="java.version.date" value="2024-01-16"/>
    <property name="java.home" value="D:\Software\sts-4.21.1.RELEASE\plugins\org.eclipse.justj.openjdk.hotspot.jre.full.win32.x86_64_17.0.10.v20240120-1143\jre"/>
    <property name="file.separator" value="\"/>
    <property name="style.color" value="always"/>
    <property name="basedir" value="D:\Spring_Boot\TaskManager-Spring_Java2"/>
    <property name="java.vm.compressedOopsMode" value="32-bit"/>
    <property name="line.separator" value="&#10;"/>
    <property name="java.vm.specification.vendor" value="Oracle Corporation"/>
    <property name="java.specification.name" value="Java Platform API Specification"/>
    <property name="FILE_LOG_CHARSET" value="windows-1252"/>
    <property name="java.awt.headless" value="true"/>
    <property name="surefire.real.class.path" value="C:\Users\ShubhamBorkute\AppData\Local\Temp\surefire6348210420212561825\surefirebooter-20240531173344369_3.jar"/>
    <property name="user.script" value=""/>
    <property name="sun.management.compiler" value="HotSpot 64-Bit Tiered Compilers"/>
    <property name="java.runtime.version" value="17.0.10+7"/>
    <property name="user.name" value="ShubhamBorkute"/>
    <property name="path.separator" value=";"/>
    <property name="os.version" value="10.0"/>
    <property name="java.runtime.name" value="OpenJDK Runtime Environment"/>
    <property name="file.encoding" value="Cp1252"/>
    <property name="java.vm.name" value="OpenJDK 64-Bit Server VM"/>
    <property name="java.vendor.version" value="Temurin-17.0.10+7"/>
    <property name="localRepository" value="C:\Users\ShubhamBorkute\.m2\repository"/>
    <property name="java.vendor.url.bug" value="https://github.com/adoptium/adoptium-support/issues"/>
    <property name="java.io.tmpdir" value="C:\Users\SHUBHA~1\AppData\Local\Temp\"/>
    <property name="com.zaxxer.hikari.pool_number" value="1"/>
    <property name="java.version" value="17.0.10"/>
    <property name="user.dir" value="D:\Spring_Boot\TaskManager-Spring_Java2"/>
    <property name="os.arch" value="amd64"/>
    <property name="java.vm.specification.name" value="Java Virtual Machine Specification"/>
    <property name="PID" value="8084"/>
    <property name="sun.os.patch.level" value=""/>
    <property name="CONSOLE_LOG_CHARSET" value="windows-1252"/>
    <property name="native.encoding" value="Cp1252"/>
    <property name="java.library.path" value="D:\Software\sts-4.21.1.RELEASE\plugins\org.eclipse.justj.openjdk.hotspot.jre.full.win32.x86_64_17.0.10.v20240120-1143\jre\bin;C:\WINDOWS\Sun\Java\bin;C:\WINDOWS\system32;C:\WINDOWS;D:/Software/sts-4.21.1.RELEASE//plugins/org.eclipse.justj.openjdk.hotspot.jre.full.win32.x86_64_17.0.10.v20240120-1143/jre/bin/server;D:/Software/sts-4.21.1.RELEASE//plugins/org.eclipse.justj.openjdk.hotspot.jre.full.win32.x86_64_17.0.10.v20240120-1143/jre/bin;C:\Oracle\db_home\jdbc\lib;C:\Program Files\dotnet\;C:\Program Files\Git\bin;C:\Program Files\Git LFS;C:\Program Files\apache-tomcat-10.0.27\lib\servlet-api.jar;C:\apache-maven-3.9.6\bin;C:\Program Files\PowerShell\7\;C:\Users\ShubhamBorkute\AppData\Local\Programs\Microsoft VS Code\bin;C:\Program Files\Java\jdk-17.0.1\bin;C:\Program Files\Git\bin;;D:\Software\sts-4.21.1.RELEASE;;."/>
    <property name="java.vm.info" value="mixed mode"/>
    <property name="java.vendor" value="Eclipse Adoptium"/>
    <property name="java.vm.version" value="17.0.10+7"/>
    <property name="sun.io.unicode.encoding" value="UnicodeLittle"/>
    <property name="java.class.version" value="61.0"/>
  </properties>
  <testcase name="contextLoads" classname="com.nt.TaskManagerSpringJavaApplicationTests" time="1.836">
    <system-out><![CDATA[17:33:48.975 [main] INFO org.springframework.test.context.support.AnnotationConfigContextLoaderUtils -- Could not detect default configuration classes for test class [com.nt.TaskManagerSpringJavaApplicationTests]: TaskManagerSpringJavaApplicationTests does not declare any static, non-private, non-final, nested classes annotated with @Configuration.
17:33:49.285 [main] INFO org.springframework.boot.test.context.SpringBootTestContextBootstrapper -- Found @SpringBootConfiguration com.nt.TaskManagerSpringJavaApplication for test class com.nt.TaskManagerSpringJavaApplicationTests

  .   ____          _            __ _ _
 /\\ / ___'_ __ _ _(_)_ __  __ _ \ \ \ \
( ( )\___ | '_ | '_| | '_ \/ _` | \ \ \ \
 \\/  ___)| |_)| | | | | || (_| |  ) ) ) )
  '  |____| .__|_| |_|_| |_\__, | / / / /
 =========|_|==============|___/=/_/_/_/
 :: Spring Boot ::       (v3.2.6-SNAPSHOT)

2024-05-31T17:33:50.873+05:30  INFO 8084 --- [           main] .n.TaskManagerSpringJavaApplicationTests : Starting TaskManagerSpringJavaApplicationTests using Java 17.0.10 with PID 8084 (started by ShubhamBorkute in D:\Spring_Boot\TaskManager-Spring_Java2)
2024-05-31T17:33:50.882+05:30  INFO 8084 --- [           main] .n.TaskManagerSpringJavaApplicationTests : No active profile set, falling back to 1 default profile: "default"
2024-05-31T17:33:53.328+05:30  INFO 8084 --- [           main] .s.d.r.c.RepositoryConfigurationDelegate : Bootstrapping Spring Data JPA repositories in DEFAULT mode.
2024-05-31T17:33:53.642+05:30  INFO 8084 --- [           main] .s.d.r.c.RepositoryConfigurationDelegate : Finished Spring Data repository scanning in 283 ms. Found 1 JPA repository interface.
2024-05-31T17:33:55.086+05:30  WARN 8084 --- [           main] trationDelegate$BeanPostProcessorChecker : Bean 'org.springframework.ws.config.annotation.DelegatingWsConfiguration' of type [org.springframework.ws.config.annotation.DelegatingWsConfiguration$$SpringCGLIB$$0] is not eligible for getting processed by all BeanPostProcessors (for example: not eligible for auto-proxying). The currently created BeanPostProcessor [annotationActionEndpointMapping] is declared through a non-static factory method on that class; consider declaring it as static instead.
2024-05-31T17:33:55.394+05:30  INFO 8084 --- [           main] .w.s.a.s.AnnotationActionEndpointMapping : Supporting [WS-Addressing August 2004, WS-Addressing 1.0]
2024-05-31T17:33:56.575+05:30  INFO 8084 --- [           main] o.hibernate.jpa.internal.util.LogHelper  : HHH000204: Processing PersistenceUnitInfo [name: default]
2024-05-31T17:33:56.986+05:30  INFO 8084 --- [           main] org.hibernate.Version                    : HHH000412: Hibernate ORM core version 6.4.8.Final
2024-05-31T17:33:57.179+05:30  INFO 8084 --- [           main] o.h.c.internal.RegionFactoryInitiator    : HHH000026: Second-level cache disabled
2024-05-31T17:33:58.213+05:30  INFO 8084 --- [           main] o.s.o.j.p.SpringPersistenceUnitInfo      : No LoadTimeWeaver setup: ignoring JPA class transformer
2024-05-31T17:33:58.608+05:30  INFO 8084 --- [           main] com.zaxxer.hikari.HikariDataSource       : HikariPool-1 - Starting...
2024-05-31T17:33:59.406+05:30  INFO 8084 --- [           main] com.zaxxer.hikari.pool.HikariPool        : HikariPool-1 - Added connection com.mysql.cj.jdbc.ConnectionImpl@2c9cafa5
2024-05-31T17:33:59.413+05:30  INFO 8084 --- [           main] com.zaxxer.hikari.HikariDataSource       : HikariPool-1 - Start completed.
2024-05-31T17:33:59.675+05:30  WARN 8084 --- [           main] org.hibernate.dialect.Dialect            : HHH000511: The 5.5.27 version for [org.hibernate.dialect.MySQLDialect] is no longer supported, hence certain features may not work properly. The minimum supported version is 8.0.0. Check the community dialects project for available legacy versions.
2024-05-31T17:34:02.302+05:30  INFO 8084 --- [           main] o.h.e.t.j.p.i.JtaPlatformInitiator       : HHH000489: No JTA platform available (set 'hibernate.transaction.jta.platform' to enable JTA platform integration)
2024-05-31T17:34:02.499+05:30  INFO 8084 --- [           main] j.LocalContainerEntityManagerFactoryBean : Initialized JPA EntityManagerFactory for persistence unit 'default'
2024-05-31T17:34:03.548+05:30  WARN 8084 --- [           main] JpaBaseConfiguration$JpaWebConfiguration : spring.jpa.open-in-view is enabled by default. Therefore, database queries may be performed during view rendering. Explicitly configure spring.jpa.open-in-view to disable this warning
2024-05-31T17:34:04.784+05:30  INFO 8084 --- [           main] .n.TaskManagerSpringJavaApplicationTests : Started TaskManagerSpringJavaApplicationTests in 14.924 seconds (process running for 19.672)
]]></system-out>
  </testcase>
</testsuite>